<?xml version="1.0" encoding="UTF-8"?>
<!-- Generated by org.testng.reporters.JUnitReportReporter -->
<testsuite skipped="0" hostname="DESKTOP-U4382HU" name="session10.Activity1_VerifyTitle" tests="1" failures="0" timestamp="08 Jul 2020 04:54:39 GMT" time="0.006" errors="0">
  <testcase name="VerifyTitle" time="0.006" classname="session10.Activity1_VerifyTitle"/>
</testsuite> <!-- session10.Activity1_VerifyTitle -->
