<?xml version="1.0" encoding="UTF-8"?>
<!-- Generated by org.testng.reporters.JUnitReportReporter -->
<testsuite skipped="0" hostname="DESKTOP-U4382HU" name="session10.Activity6_LoggingintoSite" tests="1" failures="0" timestamp="08 Jul 2020 15:15:11 GMT" time="8.142" errors="0">
  <testcase name="NavigatetoAccount" time="8.142" classname="session10.Activity6_LoggingintoSite"/>
</testsuite> <!-- session10.Activity6_LoggingintoSite -->
