<?xml version="1.0" encoding="UTF-8"?>
<!-- Generated by org.testng.reporters.JUnitReportReporter -->
<testsuite skipped="0" hostname="DESKTOP-U4382HU" name="session10.Activity2_VerifyHeading" tests="1" failures="0" timestamp="08 Jul 2020 05:27:51 GMT" time="0.052" errors="0">
  <testcase name="VerifyHeading" time="0.052" classname="session10.Activity2_VerifyHeading"/>
</testsuite> <!-- session10.Activity2_VerifyHeading -->
