<?xml version="1.0" encoding="UTF-8"?>
<!-- Generated by org.testng.reporters.JUnitReportReporter -->
<testsuite skipped="0" hostname="DESKTOP-U4382HU" name="session10.Activity7_CountNumberOfCourse" tests="1" failures="0" timestamp="08 Jul 2020 15:28:12 GMT" time="0.979" errors="0">
  <testcase name="GetTotalCourse" time="0.979" classname="session10.Activity7_CountNumberOfCourse"/>
</testsuite> <!-- session10.Activity7_CountNumberOfCourse -->
