<?xml version="1.0" encoding="UTF-8"?>
<!-- Generated by org.testng.reporters.JUnitReportReporter -->
<testsuite skipped="0" hostname="DESKTOP-U4382HU" name="session10.Activity3_VerifyFirstBox" tests="1" failures="0" timestamp="08 Jul 2020 05:37:02 GMT" time="0.058" errors="0">
  <testcase name="VerifyFirstBox" time="0.058" classname="session10.Activity3_VerifyFirstBox"/>
</testsuite> <!-- session10.Activity3_VerifyFirstBox -->
