<?xml version="1.0" encoding="UTF-8"?>
<!-- Generated by org.testng.reporters.JUnitReportReporter -->
<testsuite skipped="0" hostname="DESKTOP-U4382HU" name="session10.Activity9_CompleteSimpleLesson" tests="1" failures="0" timestamp="09 Jul 2020 04:41:22 GMT" time="9.060" errors="0">
  <testcase name="CompleteCourse" time="9.060" classname="session10.Activity9_CompleteSimpleLesson"/>
</testsuite> <!-- session10.Activity9_CompleteSimpleLesson -->
