<?xml version="1.0" encoding="UTF-8"?>
<!-- Generated by org.testng.reporters.JUnitReportReporter -->
<testsuite skipped="0" hostname="DESKTOP-U4382HU" name="session10.Activity5_NavigatetoMyAcc" tests="1" failures="0" timestamp="08 Jul 2020 14:46:49 GMT" time="6.055" errors="0">
  <testcase name="NavigatetoAccount" time="6.055" classname="session10.Activity5_NavigatetoMyAcc"/>
</testsuite> <!-- session10.Activity5_NavigatetoMyAcc -->
