<?xml version="1.0" encoding="UTF-8"?>
<!-- Generated by org.testng.reporters.JUnitReportReporter -->
<testsuite skipped="0" hostname="DESKTOP-U4382HU" name="session10.Activity8_ContactAdmin" tests="1" failures="0" timestamp="08 Jul 2020 15:44:54 GMT" time="5.711" errors="0">
  <testcase name="ContactAdmin" time="5.711" classname="session10.Activity8_ContactAdmin"/>
</testsuite> <!-- session10.Activity8_ContactAdmin -->
